<?xml version="1.0" encoding="UTF-8"?>
<testsuite name="org.jasig.cas.client.tomcat.PropertiesCasRealmDelegateTests" tests="3" skipped="0" failures="0" errors="0" timestamp="2020-01-07T17:13:00" hostname="Axman000.local" time="0.005">
  <properties/>
  <testcase name="testGetRoles" classname="org.jasig.cas.client.tomcat.PropertiesCasRealmDelegateTests" time="0.004"/>
  <testcase name="testAuthenticate" classname="org.jasig.cas.client.tomcat.PropertiesCasRealmDelegateTests" time="0.001"/>
  <testcase name="testHasRole" classname="org.jasig.cas.client.tomcat.PropertiesCasRealmDelegateTests" time="0.0"/>
  <system-out><![CDATA[]]></system-out>
  <system-err><![CDATA[]]></system-err>
</testsuite>
