<?xml version="1.0" encoding="UTF-8"?>
<testsuite name="org.jasig.cas.client.proxy.ProxyGrantingTicketStorageImplTest" tests="2" skipped="0" failures="0" errors="0" timestamp="2020-01-07T17:12:52" hostname="Axman000.local" time="0.504">
  <properties/>
  <testcase name="cleanUp" classname="org.jasig.cas.client.proxy.ProxyGrantingTicketStorageImplTest" time="0.504"/>
  <testcase name="nullPGTIOU" classname="org.jasig.cas.client.proxy.ProxyGrantingTicketStorageImplTest" time="0.0"/>
  <system-out><![CDATA[]]></system-out>
  <system-err><![CDATA[[Test worker] INFO org.jasig.cas.client.proxy.ProxyGrantingTicketStorageImpl - No Proxy Ticket found for [proxyGrantingTicketIou].
]]></system-err>
</testsuite>
