<?xml version="1.0" encoding="UTF-8"?>
<testsuite name="org.jasig.cas.client.util.ErrorRedirectFilterTests" tests="1" skipped="0" failures="0" errors="0" timestamp="2020-01-07T17:12:53" hostname="Axman000.local" time="0.002">
  <properties/>
  <testcase name="noRootCause" classname="org.jasig.cas.client.util.ErrorRedirectFilterTests" time="0.002"/>
  <system-out><![CDATA[]]></system-out>
  <system-err><![CDATA[]]></system-err>
</testsuite>
