<?xml version="1.0" encoding="UTF-8"?>
<testsuite name="org.jasig.cas.client.session.SingleSignOutHandlerTests" tests="12" skipped="0" failures="1" errors="0" timestamp="2020-01-07T17:12:57" hostname="Axman000.local" time="0.016">
  <properties/>
  <testcase name="backChannelLogoutFailsIfNoSessionIndex" classname="org.jasig.cas.client.session.SingleSignOutHandlerTests" time="0.006"/>
  <testcase name="backChannelLogoutRunsIfPathEqualsLogoutPath" classname="org.jasig.cas.client.session.SingleSignOutHandlerTests" time="0.001"/>
  <testcase name="backChannelLogoutDoesNotRunIfPathIsNotEligibleForLogout" classname="org.jasig.cas.client.session.SingleSignOutHandlerTests" time="0.001"/>
  <testcase name="tokenRequestFailsIfNoSession" classname="org.jasig.cas.client.session.SingleSignOutHandlerTests" time="0.0"/>
  <testcase name="tokenRequestFailsIfBadParameter" classname="org.jasig.cas.client.session.SingleSignOutHandlerTests" time="0.0"/>
  <testcase name="frontChannelLogoutRelayStateOK" classname="org.jasig.cas.client.session.SingleSignOutHandlerTests" time="0.004"/>
  <testcase name="backChannelLogoutOK" classname="org.jasig.cas.client.session.SingleSignOutHandlerTests" time="0.001"/>
  <testcase name="tokenRequestOK" classname="org.jasig.cas.client.session.SingleSignOutHandlerTests" time="0.0"/>
  <testcase name="frontChannelLogoutOK" classname="org.jasig.cas.client.session.SingleSignOutHandlerTests" time="0.001"/>
  <testcase name="backChannelLogoutFailsIfMultipart" classname="org.jasig.cas.client.session.SingleSignOutHandlerTests" time="0.0">
    <failure message="java.lang.NoClassDefFoundError: org/springframework/http/MediaType" type="java.lang.NoClassDefFoundError">java.lang.NoClassDefFoundError: org/springframework/http/MediaType
	at org.springframework.mock.web.MockHttpServletRequest.setContentType(MockHttpServletRequest.java:481)
	at org.jasig.cas.client.session.SingleSignOutHandlerTests.backChannelLogoutFailsIfMultipart(SingleSignOutHandlerTests.java:97)
	at sun.reflect.NativeMethodAccessorImpl.invoke0(Native Method)
	at sun.reflect.NativeMethodAccessorImpl.invoke(NativeMethodAccessorImpl.java:62)
	at sun.reflect.DelegatingMethodAccessorImpl.invoke(DelegatingMethodAccessorImpl.java:43)
	at java.lang.reflect.Method.invoke(Method.java:498)
	at org.junit.runners.model.FrameworkMethod$1.runReflectiveCall(FrameworkMethod.java:50)
	at org.junit.internal.runners.model.ReflectiveCallable.run(ReflectiveCallable.java:12)
	at org.junit.runners.model.FrameworkMethod.invokeExplosively(FrameworkMethod.java:47)
	at org.junit.internal.runners.statements.InvokeMethod.evaluate(InvokeMethod.java:17)
	at org.junit.internal.runners.statements.RunBefores.evaluate(RunBefores.java:26)
	at org.junit.runners.ParentRunner.runLeaf(ParentRunner.java:325)
	at org.junit.runners.BlockJUnit4ClassRunner.runChild(BlockJUnit4ClassRunner.java:78)
	at org.junit.runners.BlockJUnit4ClassRunner.runChild(BlockJUnit4ClassRunner.java:57)
	at org.junit.runners.ParentRunner$3.run(ParentRunner.java:290)
	at org.junit.runners.ParentRunner$1.schedule(ParentRunner.java:71)
	at org.junit.runners.ParentRunner.runChildren(ParentRunner.java:288)
	at org.junit.runners.ParentRunner.access$000(ParentRunner.java:58)
	at org.junit.runners.ParentRunner$2.evaluate(ParentRunner.java:268)
	at org.junit.runners.ParentRunner.run(ParentRunner.java:363)
	at org.gradle.api.internal.tasks.testing.junit.JUnitTestClassExecutor.runTestClass(JUnitTestClassExecutor.java:110)
	at org.gradle.api.internal.tasks.testing.junit.JUnitTestClassExecutor.execute(JUnitTestClassExecutor.java:58)
	at org.gradle.api.internal.tasks.testing.junit.JUnitTestClassExecutor.execute(JUnitTestClassExecutor.java:38)
	at org.gradle.api.internal.tasks.testing.junit.AbstractJUnitTestClassProcessor.processTestClass(AbstractJUnitTestClassProcessor.java:62)
	at org.gradle.api.internal.tasks.testing.SuiteTestClassProcessor.processTestClass(SuiteTestClassProcessor.java:51)
	at sun.reflect.GeneratedMethodAccessor5.invoke(Unknown Source)
	at sun.reflect.DelegatingMethodAccessorImpl.invoke(DelegatingMethodAccessorImpl.java:43)
	at java.lang.reflect.Method.invoke(Method.java:498)
	at org.gradle.internal.dispatch.ReflectionDispatch.dispatch(ReflectionDispatch.java:35)
	at org.gradle.internal.dispatch.ReflectionDispatch.dispatch(ReflectionDispatch.java:24)
	at org.gradle.internal.dispatch.ContextClassLoaderDispatch.dispatch(ContextClassLoaderDispatch.java:32)
	at org.gradle.internal.dispatch.ProxyDispatchAdapter$DispatchingInvocationHandler.invoke(ProxyDispatchAdapter.java:93)
	at com.sun.proxy.$Proxy2.processTestClass(Unknown Source)
	at org.gradle.api.internal.tasks.testing.worker.TestWorker.processTestClass(TestWorker.java:118)
	at sun.reflect.GeneratedMethodAccessor4.invoke(Unknown Source)
	at sun.reflect.DelegatingMethodAccessorImpl.invoke(DelegatingMethodAccessorImpl.java:43)
	at java.lang.reflect.Method.invoke(Method.java:498)
	at org.gradle.internal.dispatch.ReflectionDispatch.dispatch(ReflectionDispatch.java:35)
	at org.gradle.internal.dispatch.ReflectionDispatch.dispatch(ReflectionDispatch.java:24)
	at org.gradle.internal.remote.internal.hub.MessageHubBackedObjectConnection$DispatchWrapper.dispatch(MessageHubBackedObjectConnection.java:175)
	at org.gradle.internal.remote.internal.hub.MessageHubBackedObjectConnection$DispatchWrapper.dispatch(MessageHubBackedObjectConnection.java:157)
	at org.gradle.internal.remote.internal.hub.MessageHub$Handler.run(MessageHub.java:404)
	at org.gradle.internal.concurrent.ExecutorPolicy$CatchAndRecordFailures.onExecute(ExecutorPolicy.java:63)
	at org.gradle.internal.concurrent.ManagedExecutorImpl$1.run(ManagedExecutorImpl.java:46)
	at java.util.concurrent.ThreadPoolExecutor.runWorker(ThreadPoolExecutor.java:1149)
	at java.util.concurrent.ThreadPoolExecutor$Worker.run(ThreadPoolExecutor.java:624)
	at org.gradle.internal.concurrent.ThreadFactoryImpl$ManagedThreadRunnable.run(ThreadFactoryImpl.java:55)
	at java.lang.Thread.run(Thread.java:748)
Caused by: java.lang.ClassNotFoundException: org.springframework.http.MediaType
	at java.net.URLClassLoader.findClass(URLClassLoader.java:381)
	at java.lang.ClassLoader.loadClass(ClassLoader.java:424)
	at sun.misc.Launcher$AppClassLoader.loadClass(Launcher.java:349)
	at java.lang.ClassLoader.loadClass(ClassLoader.java:357)
	... 48 more
</failure>
  </testcase>
  <testcase name="frontChannelLogoutFailsIfBadParameter" classname="org.jasig.cas.client.session.SingleSignOutHandlerTests" time="0.001"/>
  <testcase name="frontChannelLogoutFailsIfNoSessionIndex" classname="org.jasig.cas.client.session.SingleSignOutHandlerTests" time="0.001"/>
  <system-out><![CDATA[]]></system-out>
  <system-err><![CDATA[]]></system-err>
</testsuite>
