<?xml version="1.0" encoding="UTF-8"?>
<testsuite name="org.jasig.cas.client.validation.Cas10TicketValidatorTests" tests="4" skipped="0" failures="0" errors="0" timestamp="2020-01-07T17:12:55" hostname="Axman000.local" time="0.002">
  <properties/>
  <testcase name="urlEncodedValues" classname="org.jasig.cas.client.validation.Cas10TicketValidatorTests" time="0.0"/>
  <testcase name="testNoResponse" classname="org.jasig.cas.client.validation.Cas10TicketValidatorTests" time="0.0"/>
  <testcase name="testYesResponse" classname="org.jasig.cas.client.validation.Cas10TicketValidatorTests" time="0.001"/>
  <testcase name="testBadResponse" classname="org.jasig.cas.client.validation.Cas10TicketValidatorTests" time="0.0"/>
  <system-out><![CDATA[Accepting connections on port 8989
]]></system-out>
  <system-err><![CDATA[]]></system-err>
</testsuite>
