<?xml version="1.0" encoding="UTF-8"?>
<testsuite name="org.jasig.cas.client.configuration.ConfigurationKeyTests" tests="2" skipped="0" failures="0" errors="0" timestamp="2020-01-07T17:12:52" hostname="Axman000.local" time="0.014">
  <properties/>
  <testcase name="gettersWithDefaultValue" classname="org.jasig.cas.client.configuration.ConfigurationKeyTests" time="0.014"/>
  <testcase name="gettersWithNoDefaultValue" classname="org.jasig.cas.client.configuration.ConfigurationKeyTests" time="0.0"/>
  <system-out><![CDATA[]]></system-out>
  <system-err><![CDATA[]]></system-err>
</testsuite>
