<?xml version="1.0" encoding="UTF-8"?>
<testsuite name="org.jasig.cas.client.util.CasFilterTests" tests="1" skipped="0" failures="0" errors="0" timestamp="2020-01-07T17:12:53" hostname="Axman000.local" time="0.0">
  <properties/>
  <testcase name="serverName" classname="org.jasig.cas.client.util.CasFilterTests" time="0.0"/>
  <system-out><![CDATA[]]></system-out>
  <system-err><![CDATA[[Test worker] INFO org.jasig.cas.client.util.CasFilterTests$TestCasFilter - Eliminated extra slash from serverName [http://www.cnn.com/].  It is now [http://www.cnn.com]
]]></system-err>
</testsuite>
