<?xml version="1.0" encoding="UTF-8"?>
<testsuite name="org.jasig.cas.client.validation.Cas20ProxyReceivingTicketValidationFilterTests" tests="8" skipped="0" failures="0" errors="0" timestamp="2020-01-07T17:12:56" hostname="Axman000.local" time="1.013">
  <properties/>
  <testcase name="testRenewInitParamThrows" classname="org.jasig.cas.client.validation.Cas20ProxyReceivingTicketValidationFilterTests" time="0.003"/>
  <testcase name="testDelaysFirstCleanAll" classname="org.jasig.cas.client.validation.Cas20ProxyReceivingTicketValidationFilterTests" time="0.502"/>
  <testcase name="testThrowsForNullStorage" classname="org.jasig.cas.client.validation.Cas20ProxyReceivingTicketValidationFilterTests" time="0.001"/>
  <testcase name="testGetTicketValidator" classname="org.jasig.cas.client.validation.Cas20ProxyReceivingTicketValidationFilterTests" time="0.002"/>
  <testcase name="testStartsThreadAtStartup" classname="org.jasig.cas.client.validation.Cas20ProxyReceivingTicketValidationFilterTests" time="0.001"/>
  <testcase name="testCallsCleanAllOnSchedule" classname="org.jasig.cas.client.validation.Cas20ProxyReceivingTicketValidationFilterTests" time="0.5"/>
  <testcase name="testAllowsRenewContextParam" classname="org.jasig.cas.client.validation.Cas20ProxyReceivingTicketValidationFilterTests" time="0.002"/>
  <testcase name="testShutsDownTimerThread" classname="org.jasig.cas.client.validation.Cas20ProxyReceivingTicketValidationFilterTests" time="0.001"/>
  <system-out><![CDATA[]]></system-out>
  <system-err><![CDATA[[Test worker] INFO org.jasig.cas.client.configuration.WebXmlConfigurationStrategyImpl - Property [casServerUrlPrefix] loaded from FilterConfig.getInitParameter with value [https://cas.example.com]
[Test worker] INFO org.jasig.cas.client.configuration.WebXmlConfigurationStrategyImpl - Property [service] loaded from FilterConfig.getInitParameter with value [http://www.jasig.org]
[Test worker] INFO org.jasig.cas.client.configuration.WebXmlConfigurationStrategyImpl - Property [allowedProxyChains] loaded from FilterConfig.getInitParameter with value [https://a.example.com]
[Test worker] INFO org.jasig.cas.client.configuration.WebXmlConfigurationStrategyImpl - Property [casServerUrlPrefix] loaded from FilterConfig.getInitParameter with value [https://cas.jasig.org/]
[Test worker] INFO org.jasig.cas.client.configuration.WebXmlConfigurationStrategyImpl - Property [allowedProxyChains] loaded from FilterConfig.getInitParameter with value [https://a.example.com]
[Test worker] INFO org.jasig.cas.client.configuration.WebXmlConfigurationStrategyImpl - Property [casServerUrlPrefix] loaded from FilterConfig.getInitParameter with value [https://cas.jasig.org/]
[Test worker] INFO org.jasig.cas.client.configuration.WebXmlConfigurationStrategyImpl - Property [service] loaded from ServletContext.getInitParameter with value [http://www.jasig.org]
[Test worker] INFO org.jasig.cas.client.configuration.WebXmlConfigurationStrategyImpl - Property [casServerUrlPrefix] loaded from ServletContext.getInitParameter with value [https://cas.example.com]
[Test worker] INFO org.jasig.cas.client.configuration.WebXmlConfigurationStrategyImpl - Property [renew] loaded from ServletContext.getInitParameter with value [true]
[Test worker] INFO org.jasig.cas.client.configuration.WebXmlConfigurationStrategyImpl - Property [casServerUrlPrefix] loaded from ServletContext.getInitParameter with value [https://cas.example.com]
[Test worker] INFO org.jasig.cas.client.configuration.WebXmlConfigurationStrategyImpl - Property [renew] loaded from ServletContext.getInitParameter with value [true]
]]></system-err>
</testsuite>
