<?xml version="1.0" encoding="UTF-8"?>
<testsuite name="org.jasig.cas.client.configuration.ConfigurationStrategyNameTests" tests="2" skipped="0" failures="0" errors="0" timestamp="2020-01-07T17:12:52" hostname="Axman000.local" time="0.004">
  <properties/>
  <testcase name="stringToClass" classname="org.jasig.cas.client.configuration.ConfigurationStrategyNameTests" time="0.003"/>
  <testcase name="resolveToClass" classname="org.jasig.cas.client.configuration.ConfigurationStrategyNameTests" time="0.001"/>
  <system-out><![CDATA[]]></system-out>
  <system-err><![CDATA[]]></system-err>
</testsuite>
