<?xml version="1.0" encoding="UTF-8"?>
<testsuite name="org.jasig.cas.client.util.ReflectUtilsTests" tests="4" skipped="0" failures="0" errors="0" timestamp="2020-01-07T17:12:53" hostname="Axman000.local" time="0.011">
  <properties/>
  <testcase name="testGetFieldSuperclass" classname="org.jasig.cas.client.util.ReflectUtilsTests" time="0.002"/>
  <testcase name="testGetField" classname="org.jasig.cas.client.util.ReflectUtilsTests" time="0.0"/>
  <testcase name="testSetPropertyStringObjectObject" classname="org.jasig.cas.client.util.ReflectUtilsTests" time="0.008"/>
  <testcase name="testNewInstanceStringObjectArray" classname="org.jasig.cas.client.util.ReflectUtilsTests" time="0.001"/>
  <system-out><![CDATA[]]></system-out>
  <system-err><![CDATA[]]></system-err>
</testsuite>
