<?xml version="1.0" encoding="UTF-8"?>
<testsuite name="org.jasig.cas.client.util.URIBuilderTests" tests="27" skipped="0" failures="0" errors="0" timestamp="2020-01-07T17:12:53" hostname="Axman000.local" time="0.009">
  <properties/>
  <testcase name="addTwoQueryParameters" classname="org.jasig.cas.client.util.URIBuilderTests" time="0.002"/>
  <testcase name="addSingleFragmentParameter" classname="org.jasig.cas.client.util.URIBuilderTests" time="0.0"/>
  <testcase name="noPathUsed" classname="org.jasig.cas.client.util.URIBuilderTests" time="0.0"/>
  <testcase name="removeQueryParameter" classname="org.jasig.cas.client.util.URIBuilderTests" time="0.0"/>
  <testcase name="fragmentStringIsUnescaped" classname="org.jasig.cas.client.util.URIBuilderTests" time="0.001"/>
  <testcase name="justAuthorityAndPath" classname="org.jasig.cas.client.util.URIBuilderTests" time="0.0"/>
  <testcase name="constructFromUriAndBack" classname="org.jasig.cas.client.util.URIBuilderTests" time="0.001"/>
  <testcase name="addSingleQueryParameter" classname="org.jasig.cas.client.util.URIBuilderTests" time="0.0"/>
  <testcase name="justFragment" classname="org.jasig.cas.client.util.URIBuilderTests" time="0.0"/>
  <testcase name="allPartsUsed" classname="org.jasig.cas.client.util.URIBuilderTests" time="0.0"/>
  <testcase name="constructFromUriAndModify" classname="org.jasig.cas.client.util.URIBuilderTests" time="0.0"/>
  <testcase name="iterableQueryParameters" classname="org.jasig.cas.client.util.URIBuilderTests" time="0.0"/>
  <testcase name="noQueryUsed" classname="org.jasig.cas.client.util.URIBuilderTests" time="0.0"/>
  <testcase name="noFragmentUsed" classname="org.jasig.cas.client.util.URIBuilderTests" time="0.0"/>
  <testcase name="hostRelativePaths" classname="org.jasig.cas.client.util.URIBuilderTests" time="0.0"/>
  <testcase name="queryParamsAreEscaped" classname="org.jasig.cas.client.util.URIBuilderTests" time="0.001"/>
  <testcase name="justPath" classname="org.jasig.cas.client.util.URIBuilderTests" time="0.0"/>
  <testcase name="parse" classname="org.jasig.cas.client.util.URIBuilderTests" time="0.0"/>
  <testcase name="equalsAndHashCodeOk" classname="org.jasig.cas.client.util.URIBuilderTests" time="0.001"/>
  <testcase name="justSchemeAndAuthority" classname="org.jasig.cas.client.util.URIBuilderTests" time="0.0"/>
  <testcase name="noSchemeUsed" classname="org.jasig.cas.client.util.URIBuilderTests" time="0.0"/>
  <testcase name="noPathNoHostNoAuthority" classname="org.jasig.cas.client.util.URIBuilderTests" time="0.0"/>
  <testcase name="queryStringIsUnescaped" classname="org.jasig.cas.client.util.URIBuilderTests" time="0.0"/>
  <testcase name="noAuthorityUsed" classname="org.jasig.cas.client.util.URIBuilderTests" time="0.0"/>
  <testcase name="justQuery" classname="org.jasig.cas.client.util.URIBuilderTests" time="0.0"/>
  <testcase name="addIdenticalParameters" classname="org.jasig.cas.client.util.URIBuilderTests" time="0.0"/>
  <testcase name="relativePaths" classname="org.jasig.cas.client.util.URIBuilderTests" time="0.0"/>
  <system-out><![CDATA[]]></system-out>
  <system-err><![CDATA[]]></system-err>
</testsuite>
