<?xml version="1.0" encoding="UTF-8"?>
<testsuite name="org.jasig.cas.client.authentication.DefaultAuthenticationRedirectStrategyTests" tests="1" skipped="0" failures="0" errors="0" timestamp="2020-01-07T17:12:54" hostname="Axman000.local" time="0.0">
  <properties/>
  <testcase name="didWeRedirect" classname="org.jasig.cas.client.authentication.DefaultAuthenticationRedirectStrategyTests" time="0.0"/>
  <system-out><![CDATA[]]></system-out>
  <system-err><![CDATA[]]></system-err>
</testsuite>
