<?xml version="1.0" encoding="UTF-8"?>
<testsuite name="org.jasig.cas.client.ssl.WhitelistHostnameVerifierTests" tests="1" skipped="0" failures="0" errors="0" timestamp="2020-01-07T17:12:52" hostname="Axman000.local" time="0.001">
  <properties/>
  <testcase name="testVerify" classname="org.jasig.cas.client.ssl.WhitelistHostnameVerifierTests" time="0.001"/>
  <system-out><![CDATA[]]></system-out>
  <system-err><![CDATA[]]></system-err>
</testsuite>
