<?xml version="1.0" encoding="UTF-8"?>
<testsuite name="org.jasig.cas.client.session.SingleSignOutFilterTests" tests="4" skipped="0" failures="0" errors="0" timestamp="2020-01-07T17:12:57" hostname="Axman000.local" time="0.006">
  <properties/>
  <testcase name="frontChannelRequestRelayState" classname="org.jasig.cas.client.session.SingleSignOutFilterTests" time="0.001"/>
  <testcase name="tokenRequest" classname="org.jasig.cas.client.session.SingleSignOutFilterTests" time="0.0"/>
  <testcase name="frontChannelRequest" classname="org.jasig.cas.client.session.SingleSignOutFilterTests" time="0.002"/>
  <testcase name="backChannelRequest" classname="org.jasig.cas.client.session.SingleSignOutFilterTests" time="0.002"/>
  <system-out><![CDATA[]]></system-out>
  <system-err><![CDATA[]]></system-err>
</testsuite>
