<?xml version="1.0" encoding="UTF-8"?>
<testsuite name="org.jasig.cas.client.util.CommonUtilsTests" tests="27" skipped="0" failures="0" errors="0" timestamp="2020-01-07T17:12:53" hostname="Axman000.local" time="0.053">
  <properties/>
  <testcase name="testAssertNotNull" classname="org.jasig.cas.client.util.CommonUtilsTests" time="0.0"/>
  <testcase name="testConstructUrlWithMultipleHostsNoPortsOrProtocol" classname="org.jasig.cas.client.util.CommonUtilsTests" time="0.029"/>
  <testcase name="testConstructUrlNonStandardPortAndNoScheme" classname="org.jasig.cas.client.util.CommonUtilsTests" time="0.0"/>
  <testcase name="testGetResponseFromServer" classname="org.jasig.cas.client.util.CommonUtilsTests" time="0.017"/>
  <testcase name="testRedirectUrlWithParam" classname="org.jasig.cas.client.util.CommonUtilsTests" time="0.0"/>
  <testcase name="testConstructServiceUrlWithoutEncodedParamsSamlAndNoEncoding" classname="org.jasig.cas.client.util.CommonUtilsTests" time="0.0"/>
  <testcase name="testConstructServiceUrlWithParamsSaml" classname="org.jasig.cas.client.util.CommonUtilsTests" time="0.001"/>
  <testcase name="testConstructServiceUrlWithParamsCas" classname="org.jasig.cas.client.util.CommonUtilsTests" time="0.0"/>
  <testcase name="testConstructServiceUrlWithNoServiceParametersPassed" classname="org.jasig.cas.client.util.CommonUtilsTests" time="0.0"/>
  <testcase name="testAssertNotEmpty" classname="org.jasig.cas.client.util.CommonUtilsTests" time="0.0"/>
  <testcase name="testUrlEncode" classname="org.jasig.cas.client.util.CommonUtilsTests" time="0.0"/>
  <testcase name="testIsNotBlank" classname="org.jasig.cas.client.util.CommonUtilsTests" time="0.0"/>
  <testcase name="testIsNotEmpty" classname="org.jasig.cas.client.util.CommonUtilsTests" time="0.0"/>
  <testcase name="testConstructServiceUrlWithServerNameContainingPathAndSchema" classname="org.jasig.cas.client.util.CommonUtilsTests" time="0.0"/>
  <testcase name="testConstructUrlNonStandardPortAndScheme" classname="org.jasig.cas.client.util.CommonUtilsTests" time="0.0"/>
  <testcase name="testConstructServiceUrlWithParamsCasAndServerNameWithSchema" classname="org.jasig.cas.client.util.CommonUtilsTests" time="0.0"/>
  <testcase name="testConstructServiceUrlWithEncodedParamsSaml" classname="org.jasig.cas.client.util.CommonUtilsTests" time="0.0"/>
  <testcase name="testConstructServiceUrlWithTrailingSlash" classname="org.jasig.cas.client.util.CommonUtilsTests" time="0.0"/>
  <testcase name="testConstructServiceUrlWithEncodedParamsSamlAndNoEncoding" classname="org.jasig.cas.client.util.CommonUtilsTests" time="0.0"/>
  <testcase name="testConstructServiceUrlWithServerNameContainingPath" classname="org.jasig.cas.client.util.CommonUtilsTests" time="0.0"/>
  <testcase name="testConstructURlWithMultipleHostsAndPorts" classname="org.jasig.cas.client.util.CommonUtilsTests" time="0.001"/>
  <testcase name="testAssertTrue" classname="org.jasig.cas.client.util.CommonUtilsTests" time="0.0"/>
  <testcase name="testUrlEncodeWithQueryParameters" classname="org.jasig.cas.client.util.CommonUtilsTests" time="0.0"/>
  <testcase name="testRedirectUrlWithMethod" classname="org.jasig.cas.client.util.CommonUtilsTests" time="0.0"/>
  <testcase name="testIsBlank" classname="org.jasig.cas.client.util.CommonUtilsTests" time="0.0"/>
  <testcase name="testIsEmpty" classname="org.jasig.cas.client.util.CommonUtilsTests" time="0.0"/>
  <testcase name="testConstructServiceUrlWithEncodedParams2Saml" classname="org.jasig.cas.client.util.CommonUtilsTests" time="0.0"/>
  <system-out><![CDATA[Accepting connections on port 8092
]]></system-out>
  <system-err><![CDATA[]]></system-err>
</testsuite>
